<?xml version="1.0" encoding="UTF-8"?>
<!-- Generated by org.testng.reporters.JUnitReportReporter -->
<testsuite skipped="0" hostname="leons-MacBook-Pro.local" name="UploadFile" tests="1" failures="0" timestamp="15 Dec 2022 01:07:59 GMT" time="7.091" errors="0">
  <testcase name="testUploadFile" time="7.091" classname="UploadFile"/>
</testsuite> <!-- UploadFile -->
