<?xml version="1.0" encoding="UTF-8"?>
<!-- Generated by org.testng.reporters.JUnitReportReporter -->
<testsuite skipped="0" hostname="leons-MacBook-Pro.local" name="PositiveLogInTests" tests="2" failures="0" timestamp="15 Dec 2022 01:07:59 GMT" time="13.978" errors="0">
  <testcase name="checkBoxTest" time="6.251" classname="PositiveLogInTests"/>
  <testcase name="logInTest" time="7.727" classname="PositiveLogInTests"/>
</testsuite> <!-- PositiveLogInTests -->
