<?xml version="1.0" encoding="UTF-8"?>
<!-- Generated by org.testng.reporters.JUnitReportReporter -->
<testsuite skipped="0" hostname="leons-MacBook-Pro.local" name="AddAndRemove" tests="1" failures="0" timestamp="15 Dec 2022 01:07:59 GMT" time="6.216" errors="0">
  <testcase name="addAndRemove" time="6.216" classname="AddAndRemove"/>
</testsuite> <!-- AddAndRemove -->
