<?xml version="1.0" encoding="UTF-8"?>
<!-- Generated by org.testng.reporters.JUnitReportReporter -->
<testsuite skipped="0" hostname="leons-MacBook-Pro.local" name="ContextMenu" tests="1" failures="0" timestamp="15 Dec 2022 01:07:59 GMT" time="6.294" errors="0">
  <testcase name="testContextMenu" time="6.294" classname="ContextMenu"/>
</testsuite> <!-- ContextMenu -->
